src/App.tsx(1,1): error TS6133: 'React' is declared but its value is never read.
src/components/AvatarUpload.tsx(2,1): error TS6133: 'motion' is declared but its value is never read.
src/components/AvatarUpload.tsx(3,10): error TS6133: 'Upload' is declared but its value is never read.
src/components/AvatarUpload.tsx(3,46): error TS6133: 'UserIcon' is declared but its value is never read.
src/components/badges/BadgeList.tsx(2,10): error TS6133: 'BADGES' is declared but its value is never read.
src/components/badges/BadgeList.tsx(47,39): error TS6133: 'index' is declared but its value is never read.
src/components/Header.tsx(67,17): error TS6133: 'data' is declared but its value is never read.
src/components/Header.tsx(67,23): error TS6133: 'error' is declared but its value is never read.
src/components/Header.tsx(139,19): error TS6133: 'status' is declared but its value is never read.
src/components/MobileFeedView.tsx(11,77): error TS6133: 'onRefresh' is declared but its value is never read.
src/components/quiz/QuizResults.tsx(12,50): error TS6133: 'onRetake' is declared but its value is never read.
src/components/quiz/QuizResults.tsx(44,11): error TS2322: Type 'Media | undefined' is not assignable to type 'string'.
  Type 'undefined' is not assignable to type 'string'.
src/components/quiz/QuizResults.tsx(53,61): error TS18046: 'attempt' is of type 'unknown'.
src/components/search/MobileSearchView.tsx(34,5): error TS6133: 'allTags' is declared but its value is never read.
src/components/search/MobileSearchView.tsx(240,65): error TS6133: 'index' is declared but its value is never read.
src/components/Sidebar.tsx(4,29): error TS6133: 'Plus' is declared but its value is never read.
src/components/Sidebar.tsx(82,9): error TS6133: 'handleFollow' is declared but its value is never read.
src/components/write/BlockEditor.tsx(4,3): error TS6133: 'Bold' is declared but its value is never read.
src/components/write/BlockEditor.tsx(5,3): error TS6133: 'Italic' is declared but its value is never read.
src/components/write/BlockEditor.tsx(9,3): error TS6133: 'ListOrdered' is declared but its value is never read.
src/components/write/BlockEditor.tsx(12,3): error TS6133: 'Heading3' is declared but its value is never read.
src/components/write/BlockEditor.tsx(13,3): error TS6133: 'Image' is declared but its value is never read.
src/components/write/BlockEditor.tsx(14,3): error TS6133: 'Link' is declared but its value is never read.
src/components/write/BlockEditor.tsx(17,23): error TS6133: 'StrapiTextNode' is declared but its value is never read.
src/components/write/BlockEditor.tsx(18,1): error TS6133: 'StrapiBlockUtils' is declared but its value is never read.
src/components/write/BlockEditor.tsx(18,34): error TS2307: Cannot find module '../../services/strapiBlockUtils' or its corresponding type declarations.
src/components/write/BlockEditor.tsx(32,10): error TS6133: 'showToolbar' is declared but its value is never read.
src/components/write/BlockEditor.tsx(32,23): error TS6133: 'setShowToolbar' is declared but its value is never read.
src/components/write/BlockEditor.tsx(67,69): error TS2339: Property 'text' does not exist on type 'StrapiTextNode | StrapiBlock'.
  Property 'text' does not exist on type 'StrapiBlock'.
src/components/write/BlockEditor.tsx(157,44): error TS2339: Property 'text' does not exist on type 'StrapiTextNode | StrapiBlock'.
  Property 'text' does not exist on type 'StrapiBlock'.
src/components/write/BlockEditor.tsx(224,31): error TS2339: Property 'children' does not exist on type 'StrapiTextNode | StrapiBlock'.
  Property 'children' does not exist on type 'StrapiTextNode'.
src/components/write/BlockRenderer.tsx(66,43): error TS2339: Property 'children' does not exist on type 'StrapiTextNode | StrapiBlock'.
  Property 'children' does not exist on type 'StrapiTextNode'.
src/components/write/DraftCard.tsx(11,3): error TS6133: 'MoreVertical' is declared but its value is never read.
src/components/write/EditorSettingsDrawer.tsx(3,38): error TS6133: 'HelpCircle' is declared but its value is never read.
src/components/write/EditorSettingsDrawer.tsx(3,50): error TS6133: 'ChevronRight' is declared but its value is never read.
src/components/write/FloatingFormattingToolbar.tsx(4,46): error TS6133: 'Quote' is declared but its value is never read.
src/components/write/ImageUpload.tsx(2,1): error TS6133: 'motion' is declared but its value is never read.
src/components/write/ImportHandler.tsx(3,28): error TS6133: 'Download' is declared but its value is never read.
src/components/write/QuizAuthoring.tsx(1,17): error TS6133: 'useMemo' is declared but its value is never read.
src/constants/badges.ts(6,5): error TS6133: 'Users' is declared but its value is never read.
src/contexts/QuizContext.tsx(2,30): error TS6133: 'QuizAttempt' is declared but its value is never read.
src/pages/FeedPage.tsx(19,9): error TS6133: 'state' is declared but its value is never read.
src/pages/HomePage.tsx(22,10): error TS6133: 'loadingFeatured' is declared but its value is never read.
src/pages/LoginPage.tsx(2,1): error TS6133: 'motion' is declared but its value is never read.
src/pages/ProfilePage.tsx(13,11): error TS6133: 'LinkIcon' is declared but its value is never read.
src/pages/ProfilePage.tsx(19,3): error TS6133: 'MessageCircle' is declared but its value is never read.
src/pages/ProfilePage.tsx(21,3): error TS6133: 'Camera' is declared but its value is never read.
src/pages/ProfilePage.tsx(25,1): error TS6133: 'storageService' is declared but its value is never read.
src/pages/ProfilePage.tsx(262,45): error TS2322: Type 'null' is not assignable to type 'string | undefined'.
src/pages/ProfilePage.tsx(470,21): error TS2322: Type '{ authorId: string; onChange: (isFollowing: boolean) => void; className: string; }' is not assignable to type 'IntrinsicAttributes & Props'.
  Property 'className' does not exist on type 'IntrinsicAttributes & Props'.
src/pages/RegisterPage.tsx(2,1): error TS6133: 'motion' is declared but its value is never read.
src/pages/SearchPage.tsx(145,55): error TS2345: Argument of type 'string' is not assignable to parameter of type 'never'.
src/pages/SearchPage.tsx(147,25): error TS2554: Expected 0 arguments, but got 1.
src/pages/SearchPage.tsx(147,47): error TS2345: Argument of type 'string' is not assignable to parameter of type 'never'.
src/pages/SearchPage.tsx(158,52): error TS2554: Expected 0 arguments, but got 1.
src/pages/WriteDashboard.tsx(429,15): error TS2322: Type 'Partial<Draft>' is not assignable to type 'Draft'.
  Types of property 'id' are incompatible.
    Type 'string | undefined' is not assignable to type 'string'.
      Type 'undefined' is not assignable to type 'string'.
src/pages/WriteDashboard.tsx(447,15): error TS2322: Type 'Partial<Draft>' is not assignable to type 'Draft'.
  Types of property 'id' are incompatible.
    Type 'string | undefined' is not assignable to type 'string'.
      Type 'undefined' is not assignable to type 'string'.
src/services/draftService.ts(4,10): error TS6133: 'withTimeout' is declared but its value is never read.
src/services/draftService.ts(30,7): error TS2739: Type 'PromiseLike<any>' is missing the following properties from type 'Promise<any>': catch, finally, [Symbol.toStringTag]
src/services/draftService.ts(64,7): error TS2739: Type 'PromiseLike<any>' is missing the following properties from type 'Promise<any>': catch, finally, [Symbol.toStringTag]
src/services/draftService.ts(110,9): error TS2739: Type 'PromiseLike<any>' is missing the following properties from type 'Promise<any>': catch, finally, [Symbol.toStringTag]
src/services/draftService.ts(128,9): error TS2739: Type 'PromiseLike<any>' is missing the following properties from type 'Promise<any>': catch, finally, [Symbol.toStringTag]
src/services/likesService.ts(3,1): error TS6133: 'badgesService' is declared but its value is never read.
src/services/profilesService.ts(28,7): error TS2739: Type 'PromiseLike<any>' is missing the following properties from type 'Promise<any>': catch, finally, [Symbol.toStringTag]
src/services/profilesService.ts(43,9): error TS2739: Type 'PromiseLike<any>' is missing the following properties from type 'Promise<any>': catch, finally, [Symbol.toStringTag]
src/services/profilesService.ts(97,9): error TS2739: Type 'PromiseLike<any>' is missing the following properties from type 'Promise<any>': catch, finally, [Symbol.toStringTag]
src/services/profilesService.ts(115,9): error TS2739: Type 'PromiseLike<any>' is missing the following properties from type 'Promise<any>': catch, finally, [Symbol.toStringTag]
src/services/profilesService.ts(141,7): error TS2739: Type 'PromiseLike<any>' is missing the following properties from type 'Promise<any>': catch, finally, [Symbol.toStringTag]
src/services/profilesService.ts(151,11): error TS2367: This comparison appears to be unintentional because the types 'AppErrorCode' and '"23505"' have no overlap.
src/services/profilesService.ts(172,7): error TS2739: Type 'PromiseLike<any>' is missing the following properties from type 'Promise<any>': catch, finally, [Symbol.toStringTag]
src/services/quizService.ts(11,7): error TS2739: Type 'PromiseLike<any>' is missing the following properties from type 'Promise<any>': catch, finally, [Symbol.toStringTag]
src/services/quizService.ts(46,7): error TS2353: Object literal may only specify known properties, and 'description' does not exist in type 'SimpleQuiz'.
src/services/quizService.ts(73,9): error TS2739: Type 'PromiseLike<any>' is missing the following properties from type 'Promise<any>': catch, finally, [Symbol.toStringTag]
src/services/quizService.ts(105,19): error TS2339: Property 'answers' does not exist on type 'Omit<QuizAttempt, "id" | "completedAt">'.
src/services/quizService.ts(105,57): error TS2339: Property 'answers' does not exist on type 'Omit<QuizAttempt, "id" | "completedAt">'.
src/services/quizService.ts(110,9): error TS2739: Type 'PromiseLike<any>' is missing the following properties from type 'Promise<any>': catch, finally, [Symbol.toStringTag]
src/services/quizService.ts(122,13): error TS2367: This comparison appears to be unintentional because the types 'AppErrorCode' and '"23505"' have no overlap.
src/services/quizService.ts(125,13): error TS2739: Type 'PromiseLike<any>' is missing the following properties from type 'Promise<any>': catch, finally, [Symbol.toStringTag]
src/services/quizService.ts(148,13): error TS2739: Type 'PromiseLike<any>' is missing the following properties from type 'Promise<any>': catch, finally, [Symbol.toStringTag]
src/services/quizService.ts(184,64): error TS2339: Property 'count' does not exist on type 'any[]'.
src/services/quizService.ts(209,9): error TS2739: Type 'PromiseLike<any>' is missing the following properties from type 'Promise<any>': catch, finally, [Symbol.toStringTag]
src/services/quizService.ts(224,9): error TS2739: Type 'PromiseLike<any>' is missing the following properties from type 'Promise<any>': catch, finally, [Symbol.toStringTag]
src/services/quizService.ts(255,9): error TS2739: Type 'PromiseLike<any>' is missing the following properties from type 'Promise<any>': catch, finally, [Symbol.toStringTag]
src/services/quizService.ts(270,9): error TS2739: Type 'PromiseLike<any>' is missing the following properties from type 'Promise<any>': catch, finally, [Symbol.toStringTag]
src/services/quizService.ts(297,9): error TS2739: Type 'PromiseLike<any>' is missing the following properties from type 'Promise<any>': catch, finally, [Symbol.toStringTag]
src/services/quizService.ts(353,7): error TS2739: Type 'PromiseLike<any>' is missing the following properties from type 'Promise<any>': catch, finally, [Symbol.toStringTag]
src/services/searchService.ts(9,11): error TS6196: 'TrendingSearch' is declared but never used.
src/services/searchService.ts(62,9): error TS2739: Type 'PromiseLike<any>' is missing the following properties from type 'Promise<any>': catch, finally, [Symbol.toStringTag]
src/services/storageService.ts(62,13): error TS6133: 'data' is declared but its value is never read.
